<?xml version="1.0" encoding="UTF-8"?>
<testng-results skipped="0" failed="0" ignored="0" total="1" passed="1">
  <reporter-output>
  </reporter-output>
  <suite name="Test Suite" duration-ms="13046" started-at="2020-04-29T08:29:43Z" finished-at="2020-04-29T08:29:56Z">
    <groups>
    </groups>
    <test name="LoginTest" duration-ms="13046" started-at="2020-04-29T08:29:43Z" finished-at="2020-04-29T08:29:56Z">
      <class name="tests.LoginTests">
        <test-method status="PASS" signature="setup(org.testng.ITestContext)[pri:0, instance:tests.LoginTests@77caeb3e]" name="setup" is-config="true" duration-ms="10348" started-at="2020-04-29T08:29:43Z" finished-at="2020-04-29T08:29:53Z">
          <params>
            <param index="0">
              <value>
                <![CDATA[org.testng.TestRunner@102cec62]]>
              </value>
            </param>
          </params>
          <reporter-output>
          </reporter-output>
        </test-method> <!-- setup -->
        <test-method status="PASS" signature="invalidRegistrationTest_InvalidUserNameInvalidPassword(java.lang.reflect.Method)[pri:0, instance:tests.LoginTests@77caeb3e]" name="invalidRegistrationTest_InvalidUserNameInvalidPassword" duration-ms="1978" started-at="2020-04-29T08:29:53Z" finished-at="2020-04-29T08:29:55Z">
          <params>
            <param index="0">
              <value>
                <![CDATA[public void tests.LoginTests.invalidRegistrationTest_InvalidUserNameInvalidPassword(java.lang.reflect.Method) throws java.lang.Exception]]>
              </value>
            </param>
          </params>
          <reporter-output>
          </reporter-output>
        </test-method> <!-- invalidRegistrationTest_InvalidUserNameInvalidPassword -->
        <test-method status="PASS" signature="teardown()[pri:0, instance:tests.LoginTests@77caeb3e]" name="teardown" is-config="true" duration-ms="671" started-at="2020-04-29T08:29:55Z" finished-at="2020-04-29T08:29:56Z">
          <reporter-output>
          </reporter-output>
        </test-method> <!-- teardown -->
      </class> <!-- tests.LoginTests -->
    </test> <!-- LoginTest -->
  </suite> <!-- Test Suite -->
</testng-results>
